November 21, 2024, 12:01 am operation=READ
November 21, 2024, 12:01 am operation=DELETE&data=3
November 21, 2024, 12:01 am operation=READ
November 21, 2024, 12:05 am operation=READ
November 21, 2024, 12:05 am operation=DELETE&data=4
November 21, 2024, 12:05 am operation=READ
November 21, 2024, 12:21 am operation=READ
November 21, 2024, 12:21 am operation=CREATE&data[]=1&data[]=+38(099)2281228&data[]=dsfsdaf&data[]=asdfasdf&data[]=fgjhkjdfghjdfghjksdfg jhgkjdhlsfgjk dfghsjkd
November 21, 2024, 12:21 am operation=READ
November 21, 2024, 12:22 am operation=CREATE&data[]=+38(099)2281228&data[]=dsfsdaf&data[]=asdfasdf&data[]=fgjhkjdfghjdfghjksdfg jhgkjdhlsfgjk dfghsjkd
November 21, 2024, 12:22 am operation=CREATE&data[]=1&data[]=+38(099)2281228&data[]=dsfsdaf&data[]=asdfasdf&data[]=fgjhkjdfghjdfghjksdfg jhgkjdhlsfgjk dfghsjkd
November 21, 2024, 12:22 am operation=READ
November 21, 2024, 12:22 am operation=READ
November 21, 2024, 12:22 am operation=READ
November 21, 2024, 12:23 am operation=UPDATE&data[]=1&data[]=+38(099)2281228&data[]=dsfsdaf&data[]=asdfasdf&data[]=fgjhkjdfghjdfghjksdfg jhgkjdhlsfgjk dfghsjkd
November 21, 2024, 12:23 am operation=READ
November 21, 2024, 12:23 am operation=CREATE&data[]=+38(099)2281228&data[]=dsfsdaf&data[]=asdfasdf&data[]=fgjhkjdfghjdfghjksdfg jhgkjdhlsfgjk dfghsjkd
November 21, 2024, 12:23 am operation=UPDATE&data[]=1&data[]=+38(099)2281228&data[]=dsfsdaf&data[]=asdfasdf&data[]=fgjhkjdfghjdfghjksdfg jhgkjdhlsfgjk dfghsjkd
November 21, 2024, 12:23 am operation=READ
November 21, 2024, 12:23 am operation=READ
November 21, 2024, 12:24 am operation=READ
November 21, 2024, 12:24 am operation=READ
November 21, 2024, 12:24 am operation=DELETE&data=1
November 21, 2024, 12:24 am operation=READ
November 21, 2024, 12:24 am operation=UPDATE&data[]=1&data[]=+38(099)2281228&data[]=dsfsdaf&data[]=asdfasdf&data[]=fgjhkjdfghjdfghjksdfg jhgkjdhlsfgjk dfghsjkd
November 21, 2024, 12:24 am operation=READ
November 21, 2024, 12:24 am operation=UPDATE&data[]=1&data[]=+38(099)2281228&data[]=dsfsdaf&data[]=asdfasdf&data[]=fgjhkjdfghjdfghjksdfg jhgkjdhlsfgjk dfghsjkd
November 21, 2024, 12:24 am operation=CREATE&data[]=+38(099)2281228&data[]=dsfsdaf&data[]=asdfasdf&data[]=fgjhkjdfghjdfghjksdfg jhgkjdhlsfgjk dfghsjkd
November 21, 2024, 12:24 am operation=READ
November 21, 2024, 12:24 am operation=READ
November 21, 2024, 12:24 am operation=READ
November 21, 2024, 12:24 am operation=READ
November 21, 2024, 12:24 am operation=READ
November 21, 2024, 12:24 am operation=READ
November 21, 2024, 12:24 am operation=READ
November 21, 2024, 12:24 am operation=READ
November 21, 2024, 12:24 am operation=READ
November 21, 2024, 12:24 am operation=READ
November 21, 2024, 12:24 am operation=READ
November 21, 2024, 12:24 am operation=READ
November 21, 2024, 12:24 am operation=READ
November 21, 2024, 12:24 am operation=READ
November 21, 2024, 12:25 am operation=READ
November 21, 2024, 12:25 am operation=DELETE&data=2
November 21, 2024, 12:25 am operation=READ
November 21, 2024, 12:25 am operation=UPDATE&data[]=2&data[]=+38(099)2281228&data[]=dsfsdaf&data[]=asdfasdf&data[]=fgjhkjdfghjdfghjksdfg jhgkjdhlsfgjk dfghsjkd
November 21, 2024, 12:25 am operation=READ
November 21, 2024, 12:31 am operation=READ
November 21, 2024, 12:32 am operation=READ
November 21, 2024, 12:32 am operation=READ
November 21, 2024, 12:32 am operation=UPDATE&data[]=5&data[]=+38(099)2281228&data[]=dsfsdaf&data[]=asdfasdf&data[]=fgjhkjdfghjdfghjksdfg jhgkjdhlsfgjk dfghsjkd
November 21, 2024, 12:32 am operation=READ
November 21, 2024, 12:32 am operation=READ
November 21, 2024, 12:32 am operation=UPDATE&data[]=6&data[]=+38(099)2281228&data[]=dsfsdaf&data[]=asdfasdf&data[]=fgjhkjdfghjdfghjksdfg jhgkjdhlsfgjk dfghsjkd
November 21, 2024, 12:32 am operation=READ
November 21, 2024, 12:33 am operation=READ
November 21, 2024, 12:34 am operation=READ
November 21, 2024, 12:34 am operation=CREATE&data[]=+38(099)2281228&data[]=dsfsdaf&data[]=asdfasdf&data[]=fgjhkjdfghjdfghjksdfg jhgkjdhlsfgjk dfghsjkd
November 21, 2024, 12:34 am operation=READ
November 21, 2024, 12:56 pm operation=READ
November 21, 2024, 12:56 pm operation=READ
