November 20, 2024, 1:34 pm operation=READ
November 20, 2024, 1:35 pm operation=READ
November 20, 2024, 1:35 pm operation=READ
November 20, 2024, 1:35 pm operation=READ
November 20, 2024, 1:35 pm operation=READ
November 20, 2024, 1:35 pm operation=READ
November 20, 2024, 1:35 pm operation=READ
November 20, 2024, 1:35 pm operation=READ
November 20, 2024, 1:35 pm operation=READ
November 20, 2024, 1:35 pm operation=READ
November 20, 2024, 1:35 pm operation=READ
November 20, 2024, 1:37 pm operation=READ
November 20, 2024, 1:37 pm operation=READ
November 20, 2024, 1:38 pm operation=READ
November 20, 2024, 1:38 pm operation=READ
November 20, 2024, 1:38 pm operation=READ
November 20, 2024, 1:38 pm operation=READ
November 20, 2024, 1:38 pm operation=READ&test=sdfnksdfl
November 20, 2024, 3:25 pm operation=READ&test=sdfnksdfl
November 20, 2024, 3:29 pm operation=READ&test=sdfnksdfl
November 20, 2024, 3:30 pm operation=READ&test=sdfnksdfl
November 20, 2024, 3:33 pm operation=READ&test=sdfnksdfl
November 20, 2024, 3:37 pm operation=READ&test=sdfnksdfl
November 20, 2024, 3:37 pm operation=READ&test=sdfnksdfl
November 20, 2024, 3:39 pm operation=READ&test=sdfnksdfl
November 20, 2024, 3:40 pm operation=READ&test=sdfnksdfl
November 20, 2024, 3:43 pm operation=READ&test=sdfnksdfl
November 20, 2024, 3:44 pm operation=READ&test=sdfnksdfl
November 20, 2024, 3:44 pm operation=READ&test=sdfnksdfl
November 20, 2024, 3:44 pm operation=READ&test=sdfnksdfl
November 20, 2024, 3:45 pm operation=READ&test=sdfnksdfl
November 20, 2024, 3:53 pm operation=READ&test=sdfnksdfl
November 20, 2024, 3:54 pm operation=READ&test=sdfnksdfl
November 20, 2024, 3:55 pm operation=READ&test=sdfnksdfl
November 20, 2024, 3:58 pm operation=READ&test=sdfnksdfl
November 20, 2024, 3:58 pm operation=READ&test=sdfnksdfl
November 20, 2024, 3:58 pm operation=READ&test=sdfnksdfl
November 20, 2024, 3:58 pm operation=READ&test=sdfnksdfl
November 20, 2024, 3:58 pm operation=READ&test=sdfnksdfl
November 20, 2024, 3:59 pm operation=READ&test=sdfnksdfl
November 20, 2024, 3:59 pm operation=READ&test=sdfnksdfl
November 20, 2024, 3:59 pm operation=READ&test=sdfnksdfl
November 20, 2024, 3:59 pm operation=READ&test=sdfnksdfl
November 20, 2024, 4:00 pm operation=READ&test=sdfnksdfl
November 20, 2024, 4:00 pm operation=READ&test=sdfnksdfl
November 20, 2024, 4:00 pm operation=READ&test=sdfnksdfl
November 20, 2024, 4:00 pm operation=READ&test=sdfnksdfl
November 20, 2024, 4:01 pm operation=READ&test=sdfnksdfl
November 20, 2024, 4:01 pm operation=READ&test=sdfnksdfl
November 20, 2024, 4:01 pm operation=READ&test=sdfnksdfl
November 20, 2024, 4:01 pm operation=READ&test=sdfnksdfl
November 20, 2024, 4:01 pm operation=READ&test=sdfnksdfl
November 20, 2024, 4:01 pm operation=READ&test=sdfnksdfl
November 20, 2024, 4:01 pm operation=READ&test=sdfnksdfl
November 20, 2024, 4:01 pm operation=READ&test=sdfnksdfl
November 20, 2024, 4:01 pm operation=READ&test=sdfnksdfl
November 20, 2024, 4:02 pm operation=READ&test=sdfnksdfl
November 20, 2024, 4:04 pm operation=READ&test=sdfnksdfl
November 20, 2024, 4:04 pm operation=READ&test=sdfnksdfl
November 20, 2024, 4:41 pm operation=READ&test=sdfnksdfl
November 20, 2024, 4:41 pm operation=READ&test=sdfnksdfl
November 20, 2024, 4:42 pm operation=READ&test=sdfnksdfl
November 20, 2024, 4:43 pm operation=READ&test=sdfnksdfl
November 20, 2024, 4:43 pm operation=READ&test=sdfnksdfl
November 20, 2024, 4:43 pm operation=READ&test=sdfnksdfl
November 20, 2024, 4:44 pm operation=READ&test=sdfnksdfl
November 20, 2024, 4:46 pm operation=READ&test=sdfnksdfl
November 20, 2024, 4:46 pm operation=READ&test=sdfnksdfl
November 20, 2024, 4:47 pm operation=READ&test=sdfnksdfl
November 20, 2024, 4:47 pm operation=READ&test=sdfnksdfl
November 20, 2024, 4:47 pm operation=READ&test=sdfnksdfl
November 20, 2024, 4:47 pm operation=READ&test=sdfnksdfl
November 20, 2024, 4:47 pm operation=READ&test=sdfnksdfl
November 20, 2024, 4:47 pm operation=READ&test=sdfnksdfl
November 20, 2024, 4:48 pm operation=READ&test=sdfnksdfl
November 20, 2024, 4:48 pm operation=READ&test=sdfnksdfl
November 20, 2024, 4:49 pm operation=READ&test=sdfnksdfl
November 20, 2024, 4:49 pm operation=READ&test=sdfnksdfl
November 20, 2024, 4:50 pm operation=READ&test=sdfnksdfl
November 20, 2024, 4:50 pm operation=READ&test=sdfnksdfl
November 20, 2024, 4:52 pm operation=READ&test=sdfnksdfl
November 20, 2024, 4:53 pm operation=READ&test=sdfnksdfl
November 20, 2024, 4:58 pm operation=READ&test=sdfnksdfl
November 20, 2024, 4:58 pm operation=READ&test=sdfnksdfl
November 20, 2024, 5:00 pm operation=READ&test=sdfnksdfl
November 20, 2024, 5:00 pm operation=READ&test=sdfnksdfl
November 20, 2024, 5:02 pm operation=READ&test=sdfnksdfl
November 20, 2024, 5:02 pm operation=READ&test=sdfnksdfl
November 20, 2024, 5:04 pm operation=READ&test=sdfnksdfl
November 20, 2024, 5:04 pm operation=READ&test=sdfnksdfl
November 20, 2024, 5:04 pm operation=READ&test=sdfnksdfl
November 20, 2024, 5:05 pm operation=READ&test=sdfnksdfl
November 20, 2024, 5:05 pm operation=READ&test=sdfnksdfl
November 20, 2024, 5:05 pm operation=READ&test=sdfnksdfl
November 20, 2024, 5:32 pm operation=READ&test=sdfnksdfl
November 20, 2024, 5:34 pm operation=READ&test=sdfnksdfl
November 20, 2024, 5:35 pm operation=READ&test=sdfnksdfl
November 20, 2024, 5:53 pm operation=READ&test=sdfnksdfl
November 20, 2024, 5:54 pm operation=READ&test=sdfnksdfl
November 20, 2024, 5:54 pm operation=READ&test=sdfnksdfl
November 20, 2024, 5:54 pm operation=READ&test=sdfnksdfl
November 20, 2024, 5:56 pm operation=READ&test=sdfnksdfl
November 20, 2024, 5:56 pm operation=READ&test=sdfnksdfl
November 20, 2024, 5:56 pm operation=READ&test=sdfnksdfl
November 20, 2024, 5:57 pm operation=READ&test=sdfnksdfl
November 20, 2024, 5:57 pm operation=READ&test=sdfnksdfl
November 20, 2024, 5:57 pm operation=READ&test=sdfnksdfl
November 20, 2024, 5:58 pm operation=READ&test=sdfnksdfl
November 20, 2024, 5:58 pm operation=READ&test=sdfnksdfl
November 20, 2024, 5:58 pm operation=READ&test=sdfnksdfl
November 20, 2024, 5:59 pm operation=READ&test=sdfnksdfl
November 20, 2024, 5:59 pm operation=READ&test=sdfnksdfl
November 20, 2024, 5:59 pm operation=READ&test=sdfnksdfl
November 20, 2024, 5:59 pm operation=READ&test=sdfnksdfl
November 20, 2024, 6:00 pm operation=READ&test=sdfnksdfl
November 20, 2024, 6:00 pm operation=READ&test=sdfnksdfl
November 20, 2024, 6:00 pm operation=READ&test=sdfnksdfl
November 20, 2024, 6:00 pm operation=READ&test=sdfnksdfl
November 20, 2024, 6:01 pm operation=READ&test=sdfnksdfl
November 20, 2024, 6:01 pm operation=READ&test=sdfnksdfl
November 20, 2024, 6:01 pm operation=READ&test=sdfnksdfl
November 20, 2024, 6:01 pm operation=READ&test=sdfnksdfl
November 20, 2024, 6:01 pm operation=READ&test=sdfnksdfl
November 20, 2024, 6:01 pm operation=READ&test=sdfnksdfl
November 20, 2024, 6:23 pm operation=READ&test=sdfnksdfl
November 20, 2024, 6:32 pm operation=READ&test=sdfnksdfl
November 20, 2024, 6:35 pm operation=READ&test=sdfnksdfl
November 20, 2024, 6:36 pm operation=READ&test=sdfnksdfl
November 20, 2024, 6:36 pm operation=READ&test=sdfnksdfl
November 20, 2024, 6:37 pm operation=READ&test=sdfnksdfl
November 20, 2024, 6:38 pm operation=READ&test=sdfnksdfl
November 20, 2024, 6:38 pm operation=READ&test=sdfnksdfl
November 20, 2024, 6:39 pm operation=READ&test=sdfnksdfl
November 20, 2024, 6:39 pm operation=READ&test=sdfnksdfl
November 20, 2024, 6:39 pm operation=READ&test=sdfnksdfl
November 20, 2024, 6:39 pm operation=READ&test=sdfnksdfl
November 20, 2024, 6:40 pm operation=READ&test=sdfnksdfl
November 20, 2024, 6:45 pm operation=READ&test=sdfnksdfl
November 20, 2024, 6:46 pm operation=READ&test=sdfnksdfl
November 20, 2024, 6:46 pm operation=READ&test=sdfnksdfl
November 20, 2024, 6:46 pm operation=READ&test=sdfnksdfl
November 20, 2024, 6:46 pm operation=READ&test=sdfnksdfl
November 20, 2024, 6:47 pm operation=READ&test=sdfnksdfl
November 20, 2024, 6:48 pm operation=READ&test=sdfnksdfl
November 20, 2024, 6:54 pm operation=READ&test=sdfnksdfl
November 20, 2024, 7:20 pm operation=READ&test=sdfnksdfl
November 20, 2024, 7:22 pm operation=READ&test=sdfnksdfl
November 20, 2024, 7:22 pm operation=READ&test=sdfnksdfl
November 20, 2024, 7:23 pm operation=READ&test=sdfnksdfl
November 20, 2024, 7:23 pm operation=READ&test=sdfnksdfl
November 20, 2024, 7:23 pm operation=READ&test=sdfnksdfl
November 20, 2024, 7:24 pm operation=READ&test=sdfnksdfl
November 20, 2024, 7:24 pm operation=READ&test=sdfnksdfl
November 20, 2024, 7:25 pm operation=READ&test=sdfnksdfl
November 20, 2024, 7:25 pm operation=READ&test=sdfnksdfl
November 20, 2024, 7:26 pm operation=READ&test=sdfnksdfl
November 20, 2024, 7:26 pm operation=READ&test=sdfnksdfl
November 20, 2024, 7:28 pm operation=READ&test=sdfnksdfl
November 20, 2024, 7:30 pm operation=READ&test=sdfnksdfl
November 20, 2024, 7:30 pm operation=READ&test=sdfnksdfl
November 20, 2024, 7:30 pm operation=READ&test=sdfnksdfl
November 20, 2024, 7:35 pm operation=READ&test=sdfnksdfl
November 20, 2024, 7:38 pm operation=READ&test=sdfnksdfl
November 20, 2024, 7:39 pm operation=READ&test=sdfnksdfl
November 20, 2024, 7:39 pm operation=READ&test=sdfnksdfl
November 20, 2024, 7:39 pm operation=READ&test=sdfnksdfl
November 20, 2024, 7:39 pm operation=READ&test=sdfnksdfl
November 20, 2024, 7:42 pm operation=READ&test=sdfnksdfl
November 20, 2024, 7:44 pm operation=READ&test=sdfnksdfl
November 20, 2024, 7:44 pm operation=READ&test=sdfnksdfl
November 20, 2024, 7:45 pm operation=READ&test=sdfnksdfl
November 20, 2024, 7:46 pm operation=READ&test=sdfnksdfl
November 20, 2024, 7:47 pm operation=READ&test=sdfnksdfl
November 20, 2024, 7:50 pm operation=READ&test=sdfnksdfl
November 20, 2024, 7:51 pm operation=READ&test=sdfnksdfl
November 20, 2024, 7:56 pm operation=READ&test=sdfnksdfl
November 20, 2024, 8:01 pm operation=READ&test=sdfnksdfl
November 20, 2024, 8:05 pm operation=READ&test=sdfnksdfl
November 20, 2024, 8:11 pm operation=READ&test=sdfnksdfl
November 20, 2024, 8:12 pm operation=READ&test=sdfnksdfl
November 20, 2024, 8:12 pm operation=READ&test=sdfnksdfl
November 20, 2024, 8:12 pm operation=READ&test=sdfnksdfl
November 20, 2024, 8:16 pm operation=READ&test=sdfnksdfl
November 20, 2024, 8:28 pm operation=READ&test=sdfnksdfl
November 20, 2024, 8:28 pm operation=READ&test=sdfnksdfl
November 20, 2024, 9:11 pm operation=READ&test=sdfnksdfl
November 20, 2024, 9:48 pm operation=READ&test=sdfnksdfl
November 20, 2024, 9:51 pm operation=READ&test=sdfnksdfl
November 20, 2024, 9:52 pm operation=READ&test=sdfnksdfl
November 20, 2024, 9:53 pm operation=READ&test=sdfnksdfl
November 20, 2024, 10:02 pm operation=READ&test=sdfnksdfl
November 20, 2024, 10:02 pm operation=CREATE&phone=%2B38(099)7004451&firstname=Dmytro&lastname=Tieploukhov&description=fdsasdfasdf
November 20, 2024, 10:02 pm operation=READ&test=sdfnksdfl
November 20, 2024, 10:06 pm operation=READ&test=sdfnksdfl
November 20, 2024, 10:06 pm operation=CREATE&phone=%2B38(099)7004451&firstname=Dmytro&lastname=Tieploukhov&description=
November 20, 2024, 10:06 pm operation=READ&test=sdfnksdfl
November 20, 2024, 10:09 pm operation=READ&test=sdfnksdfl
November 20, 2024, 10:09 pm operation=CREATE&phone=+38(099)7004451&firstname=Dmytro&lastname=Tieploukhov&description=
November 20, 2024, 10:09 pm operation=READ&test=sdfnksdfl
November 20, 2024, 10:10 pm operation=READ&test=sdfnksdfl
November 20, 2024, 10:10 pm operation=CREATE&data[]=+38(099)7004451&data[]=Dmytro&data[]=Tieploukhov&data[]=
November 20, 2024, 10:10 pm operation=READ&test=sdfnksdfl
November 20, 2024, 10:13 pm operation=READ&test=sdfnksdfl
November 20, 2024, 10:13 pm operation=CREATE&data[]=+38(099)7004451&data[]=Dmytro&data[]=Tieploukhov&data[]=
November 20, 2024, 10:13 pm operation=READ&test=sdfnksdfl
November 20, 2024, 10:17 pm operation=READ&test=sdfnksdfl
November 20, 2024, 10:18 pm operation=CREATE&data[]=+38(099)2281337&data[]=dsfsdaf&data[]=asdfasdf&data[]=
November 20, 2024, 10:18 pm operation=READ&test=sdfnksdfl
November 20, 2024, 10:19 pm operation=CREATE&data[]=+38(099)2281337&data[]=dsfsdaf&data[]=asdfasdf&data[]=
November 20, 2024, 10:19 pm operation=READ&test=sdfnksdfl
November 20, 2024, 10:20 pm operation=READ&test=sdfnksdfl
November 20, 2024, 10:21 pm operation=CREATE&data[]=+38(099)2281337&data[]=dsfsdaf&data[]=asdfasdf&data[]=
November 20, 2024, 10:21 pm Array
November 20, 2024, 10:21 pm operation=READ&test=sdfnksdfl
November 20, 2024, 10:21 pm operation=READ&test=sdfnksdfl
November 20, 2024, 10:22 pm operation=CREATE&data[]=+38(099)2281337&data[]=dsfsdaf&data[]=asdfasdf&data[]=
November 20, 2024, 10:22 pm operation=READ&test=sdfnksdfl
November 20, 2024, 10:22 pm operation=READ&test=sdfnksdfl
November 20, 2024, 10:22 pm operation=CREATE&data[]=+38(099)2281337&data[]=dsfsdaf&data[]=asdfasdf&data[]=
November 20, 2024, 10:22 pm data[]=+38(099)2281337
November 20, 2024, 10:22 pm operation=READ&test=sdfnksdfl
November 20, 2024, 10:28 pm operation=READ&test=sdfnksdfl
November 20, 2024, 10:28 pm operation=READ&test=sdfnksdfl
November 20, 2024, 10:28 pm operation=CREATE&data[]=+38(099)2281337&data[]=dsfsdaf&data[]=asdfasdf&data[]=
November 20, 2024, 10:28 pm operation=CREATE
November 20, 2024, 10:28 pm +38(099)2281337
November 20, 2024, 10:28 pm dsfsdaf
November 20, 2024, 10:28 pm asdfasdf
November 20, 2024, 10:28 pm 
November 20, 2024, 10:28 pm operation=READ&test=sdfnksdfl
November 20, 2024, 10:28 pm operation=CREATE&data[]=+38(099)2281228&data[]=dsfsdaf&data[]=asdfasdf&data[]=fgjhkjdfghjdfghjksdfg jhgkjdhlsfgjk dfghsjkd
November 20, 2024, 10:28 pm operation=CREATE
November 20, 2024, 10:28 pm +38(099)2281228
November 20, 2024, 10:28 pm dsfsdaf
November 20, 2024, 10:28 pm asdfasdf
November 20, 2024, 10:28 pm fgjhkjdfghjdfghjksdfg jhgkjdhlsfgjk dfghsjkd
November 20, 2024, 10:28 pm operation=READ&test=sdfnksdfl
November 20, 2024, 10:50 pm operation=READ&test=sdfnksdfl
November 20, 2024, 10:50 pm operation=READ&test=sdfnksdfl
November 20, 2024, 10:50 pm operation=READ&test=sdfnksdfl
November 20, 2024, 10:55 pm operation=READ&test=sdfnksdfl
November 20, 2024, 10:55 pm operation=READ&test=sdfnksdfl
November 20, 2024, 10:56 pm operation=READ&test=sdfnksdfl
November 20, 2024, 10:56 pm operation=READ&test=sdfnksdfl
November 20, 2024, 11:00 pm operation=READ&test=sdfnksdfl
November 20, 2024, 11:00 pm operation=READ&test=sdfnksdfl
November 20, 2024, 11:01 pm operation=READ&test=sdfnksdfl
November 20, 2024, 11:02 pm operation=READ&test=sdfnksdfl
November 20, 2024, 11:04 pm operation=READ
November 20, 2024, 11:53 pm operation=READ
November 20, 2024, 11:53 pm operation=READ
November 20, 2024, 11:53 pm operation=READ
November 20, 2024, 11:54 pm operation=READ
November 20, 2024, 11:54 pm operation=READ
November 20, 2024, 11:54 pm operation=READ
November 20, 2024, 11:56 pm operation=READ
November 20, 2024, 11:57 pm operation=READ
November 20, 2024, 11:57 pm operation=DELETE&data=1
November 20, 2024, 11:57 pm operation=READ
November 20, 2024, 11:57 pm operation=DELETE&data=3
November 20, 2024, 11:57 pm operation=READ
November 20, 2024, 11:57 pm operation=DELETE&data=5
November 20, 2024, 11:57 pm operation=READ
November 20, 2024, 11:57 pm operation=DELETE&data=7
November 20, 2024, 11:57 pm operation=READ
November 20, 2024, 11:57 pm operation=DELETE&data=6
November 20, 2024, 11:57 pm operation=READ
November 20, 2024, 11:57 pm operation=DELETE&data=4
November 20, 2024, 11:57 pm operation=READ
November 20, 2024, 11:57 pm operation=DELETE&data=2
November 20, 2024, 11:57 pm operation=READ
November 20, 2024, 11:57 pm operation=DELETE&data=1
November 20, 2024, 11:57 pm operation=READ
November 20, 2024, 11:57 pm operation=DELETE&data=3
November 20, 2024, 11:57 pm operation=READ
November 20, 2024, 11:58 pm operation=READ
November 20, 2024, 11:58 pm operation=DELETE&data=3
November 20, 2024, 11:58 pm 3
November 20, 2024, 11:58 pm operation=READ
